Darf ich anfangen (j/n)?
1| | | |
 -------
2| | | |
 -------
3| | | |
 -------
  1 2 3
Ich setze auf 2,2
1| | | |
 -------
2| |X| |
 -------
3| | | |
 -------
  1 2 3
Ihr Zug (x y): 1|O| | |
 -------
2| |X| |
 -------
3| | | |
 -------
  1 2 3
Ich setze auf 3,3
1|O| | |
 -------
2| |X| |
 -------
3| | |X|
 -------
  1 2 3
Ihr Zug (x y): 1|O| | |
 -------
2| |X| |
 -------
3| |O|X|
 -------
  1 2 3
Ich setze auf 1,3
Und werde gewinnen
1|O| |X|
 -------
2| |X| |
 -------
3| |O|X|
 -------
  1 2 3
Ihr Zug (x y): 1|O| |X|
 -------
2| |X| |
 -------
3|O|O|X|
 -------
  1 2 3
Ich setze auf 2,3
Und werde gewinnen
1|O| |X|
 -------
2| |X|X|
 -------
3|O|O|X|
 -------
  1 2 3
Ich habe gewonnen
